

================================================================
== Synthesis Summary Report of 'sobel'
================================================================
+ General Information: 
    * Date:           Tue Aug  9 12:48:14 2022
    * Version:        2020.2 (Build 3064766 on Wed Nov 18 09:12:45 MST 2020)
    * Project:        sobel_hls_prj
    * Solution:       solution1 (Vivado IP Flow Target)
    * Product family: zynq
    * Target device:  xc7z020-clg484-1
    

+ Performance & Resource Estimates: 
    
    PS: '+' for module; 'o' for loop; '*' for dataflow
    +----------------------+------+-------+---------+-----------+----------+---------+------+----------+--------+----+-----------+-----------+-----+
    |        Modules       | Issue|       | Latency |  Latency  | Iteration|         | Trip |          |        |    |           |           |     |
    |        & Loops       | Type | Slack | (cycles)|    (ns)   |  Latency | Interval| Count| Pipelined|  BRAM  | DSP|     FF    |    LUT    | URAM|
    +----------------------+------+-------+---------+-----------+----------+---------+------+----------+--------+----+-----------+-----------+-----+
    |+ sobel               |     -|  -0.11|   928654|  9.287e+06|         -|   928655|     -|        no|  3 (1%)|   -|  730 (~0%)|  1550 (2%)|    -|
    | o Loop 1             |     -|  -7.30|        9|     90.000|         1|        1|     9|       yes|       -|   -|          -|          -|    -|
    | o VITIS_LOOP_84_1    |     -|  -7.30|     1280|  1.280e+04|         1|        1|  1280|       yes|       -|   -|          -|          -|    -|
    | o VITIS_LOOP_94_2    |     -|  -7.30|   927360|  9.274e+06|      1288|        -|   720|        no|       -|   -|          -|          -|    -|
    |  o VITIS_LOOP_114_3  |     -|  -7.30|     1284|  1.284e+04|         6|        1|  1280|       yes|       -|   -|          -|          -|    -|
    +----------------------+------+-------+---------+-----------+----------+---------+------+----------+--------+----+-----------+-----------+-----+

